ERROR - 2023-12-27 10:51:51 --> Error connecting to the database: mysqli_sql_exception: Access denied for user ''@'localhost' (using password: NO) in D:\Develop\Point_of_Sale_Toko_Mahenz_v0-Project_Web-Codeigniter_4\development\system\Database\MySQLi\Connection.php:184
Stack trace:
#0 D:\Develop\Point_of_Sale_Toko_Mahenz_v0-Project_Web-Codeigniter_4\development\system\Database\MySQLi\Connection.php(184): mysqli->real_connect('localhost', '', Object(SensitiveParameterValue), '', 3306, '', 0)
#1 D:\Develop\Point_of_Sale_Toko_Mahenz_v0-Project_Web-Codeigniter_4\development\system\Database\BaseConnection.php(392): CodeIgniter\Database\MySQLi\Connection->connect(false)
#2 D:\Develop\Point_of_Sale_Toko_Mahenz_v0-Project_Web-Codeigniter_4\development\system\Database\BaseConnection.php(575): CodeIgniter\Database\BaseConnection->initialize()
#3 D:\Develop\Point_of_Sale_Toko_Mahenz_v0-Project_Web-Codeigniter_4\development\system\Database\BaseConnection.php(1410): CodeIgniter\Database\BaseConnection->query('SHOW TABLES FRO...')
#4 D:\Develop\Point_of_Sale_Toko_Mahenz_v0-Project_Web-Codeigniter_4\development\system\Database\BaseConnection.php(1429): CodeIgniter\Database\BaseConnection->listTables()
#5 D:\Develop\Point_of_Sale_Toko_Mahenz_v0-Project_Web-Codeigniter_4\development\system\Database\MigrationRunner.php(764): CodeIgniter\Database\BaseConnection->tableExists('migrations')
#6 D:\Develop\Point_of_Sale_Toko_Mahenz_v0-Project_Web-Codeigniter_4\development\system\Database\MigrationRunner.php(168): CodeIgniter\Database\MigrationRunner->ensureTable()
#7 D:\Develop\Point_of_Sale_Toko_Mahenz_v0-Project_Web-Codeigniter_4\development\system\Commands\Database\Migrate.php(84): CodeIgniter\Database\MigrationRunner->latest(NULL)
#8 D:\Develop\Point_of_Sale_Toko_Mahenz_v0-Project_Web-Codeigniter_4\development\system\CLI\Commands.php(65): CodeIgniter\Commands\Database\Migrate->run(Array)
#9 D:\Develop\Point_of_Sale_Toko_Mahenz_v0-Project_Web-Codeigniter_4\development\system\CLI\Console.php(46): CodeIgniter\CLI\Commands->run('migrate', Array)
#10 D:\Develop\Point_of_Sale_Toko_Mahenz_v0-Project_Web-Codeigniter_4\development\spark(102): CodeIgniter\CLI\Console->run()
#11 {main}

Next CodeIgniter\Database\Exceptions\DatabaseException: Access denied for user ''@'localhost' (using password: NO) in D:\Develop\Point_of_Sale_Toko_Mahenz_v0-Project_Web-Codeigniter_4\development\system\Database\MySQLi\Connection.php:229
Stack trace:
#0 D:\Develop\Point_of_Sale_Toko_Mahenz_v0-Project_Web-Codeigniter_4\development\system\Database\BaseConnection.php(392): CodeIgniter\Database\MySQLi\Connection->connect(false)
#1 D:\Develop\Point_of_Sale_Toko_Mahenz_v0-Project_Web-Codeigniter_4\development\system\Database\BaseConnection.php(575): CodeIgniter\Database\BaseConnection->initialize()
#2 D:\Develop\Point_of_Sale_Toko_Mahenz_v0-Project_Web-Codeigniter_4\development\system\Database\BaseConnection.php(1410): CodeIgniter\Database\BaseConnection->query('SHOW TABLES FRO...')
#3 D:\Develop\Point_of_Sale_Toko_Mahenz_v0-Project_Web-Codeigniter_4\development\system\Database\BaseConnection.php(1429): CodeIgniter\Database\BaseConnection->listTables()
#4 D:\Develop\Point_of_Sale_Toko_Mahenz_v0-Project_Web-Codeigniter_4\development\system\Database\MigrationRunner.php(764): CodeIgniter\Database\BaseConnection->tableExists('migrations')
#5 D:\Develop\Point_of_Sale_Toko_Mahenz_v0-Project_Web-Codeigniter_4\development\system\Database\MigrationRunner.php(168): CodeIgniter\Database\MigrationRunner->ensureTable()
#6 D:\Develop\Point_of_Sale_Toko_Mahenz_v0-Project_Web-Codeigniter_4\development\system\Commands\Database\Migrate.php(84): CodeIgniter\Database\MigrationRunner->latest(NULL)
#7 D:\Develop\Point_of_Sale_Toko_Mahenz_v0-Project_Web-Codeigniter_4\development\system\CLI\Commands.php(65): CodeIgniter\Commands\Database\Migrate->run(Array)
#8 D:\Develop\Point_of_Sale_Toko_Mahenz_v0-Project_Web-Codeigniter_4\development\system\CLI\Console.php(46): CodeIgniter\CLI\Commands->run('migrate', Array)
#9 D:\Develop\Point_of_Sale_Toko_Mahenz_v0-Project_Web-Codeigniter_4\development\spark(102): CodeIgniter\CLI\Console->run()
#10 {main}
ERROR - 2023-12-27 10:52:20 --> Error connecting to the database: mysqli_sql_exception: Access denied for user ''@'localhost' (using password: NO) in D:\Develop\Point_of_Sale_Toko_Mahenz_v0-Project_Web-Codeigniter_4\development\system\Database\MySQLi\Connection.php:184
Stack trace:
#0 D:\Develop\Point_of_Sale_Toko_Mahenz_v0-Project_Web-Codeigniter_4\development\system\Database\MySQLi\Connection.php(184): mysqli->real_connect('localhost', '', Object(SensitiveParameterValue), '', 3306, '', 0)
#1 D:\Develop\Point_of_Sale_Toko_Mahenz_v0-Project_Web-Codeigniter_4\development\system\Database\BaseConnection.php(392): CodeIgniter\Database\MySQLi\Connection->connect(false)
#2 D:\Develop\Point_of_Sale_Toko_Mahenz_v0-Project_Web-Codeigniter_4\development\system\Database\BaseConnection.php(575): CodeIgniter\Database\BaseConnection->initialize()
#3 D:\Develop\Point_of_Sale_Toko_Mahenz_v0-Project_Web-Codeigniter_4\development\system\Database\BaseConnection.php(1410): CodeIgniter\Database\BaseConnection->query('SHOW TABLES FRO...')
#4 D:\Develop\Point_of_Sale_Toko_Mahenz_v0-Project_Web-Codeigniter_4\development\system\Database\BaseConnection.php(1429): CodeIgniter\Database\BaseConnection->listTables()
#5 D:\Develop\Point_of_Sale_Toko_Mahenz_v0-Project_Web-Codeigniter_4\development\system\Database\MigrationRunner.php(764): CodeIgniter\Database\BaseConnection->tableExists('migrations')
#6 D:\Develop\Point_of_Sale_Toko_Mahenz_v0-Project_Web-Codeigniter_4\development\system\Database\MigrationRunner.php(168): CodeIgniter\Database\MigrationRunner->ensureTable()
#7 D:\Develop\Point_of_Sale_Toko_Mahenz_v0-Project_Web-Codeigniter_4\development\system\Commands\Database\Migrate.php(84): CodeIgniter\Database\MigrationRunner->latest(NULL)
#8 D:\Develop\Point_of_Sale_Toko_Mahenz_v0-Project_Web-Codeigniter_4\development\system\CLI\Commands.php(65): CodeIgniter\Commands\Database\Migrate->run(Array)
#9 D:\Develop\Point_of_Sale_Toko_Mahenz_v0-Project_Web-Codeigniter_4\development\system\CLI\Console.php(46): CodeIgniter\CLI\Commands->run('migrate', Array)
#10 D:\Develop\Point_of_Sale_Toko_Mahenz_v0-Project_Web-Codeigniter_4\development\spark(102): CodeIgniter\CLI\Console->run()
#11 {main}

Next CodeIgniter\Database\Exceptions\DatabaseException: Access denied for user ''@'localhost' (using password: NO) in D:\Develop\Point_of_Sale_Toko_Mahenz_v0-Project_Web-Codeigniter_4\development\system\Database\MySQLi\Connection.php:229
Stack trace:
#0 D:\Develop\Point_of_Sale_Toko_Mahenz_v0-Project_Web-Codeigniter_4\development\system\Database\BaseConnection.php(392): CodeIgniter\Database\MySQLi\Connection->connect(false)
#1 D:\Develop\Point_of_Sale_Toko_Mahenz_v0-Project_Web-Codeigniter_4\development\system\Database\BaseConnection.php(575): CodeIgniter\Database\BaseConnection->initialize()
#2 D:\Develop\Point_of_Sale_Toko_Mahenz_v0-Project_Web-Codeigniter_4\development\system\Database\BaseConnection.php(1410): CodeIgniter\Database\BaseConnection->query('SHOW TABLES FRO...')
#3 D:\Develop\Point_of_Sale_Toko_Mahenz_v0-Project_Web-Codeigniter_4\development\system\Database\BaseConnection.php(1429): CodeIgniter\Database\BaseConnection->listTables()
#4 D:\Develop\Point_of_Sale_Toko_Mahenz_v0-Project_Web-Codeigniter_4\development\system\Database\MigrationRunner.php(764): CodeIgniter\Database\BaseConnection->tableExists('migrations')
#5 D:\Develop\Point_of_Sale_Toko_Mahenz_v0-Project_Web-Codeigniter_4\development\system\Database\MigrationRunner.php(168): CodeIgniter\Database\MigrationRunner->ensureTable()
#6 D:\Develop\Point_of_Sale_Toko_Mahenz_v0-Project_Web-Codeigniter_4\development\system\Commands\Database\Migrate.php(84): CodeIgniter\Database\MigrationRunner->latest(NULL)
#7 D:\Develop\Point_of_Sale_Toko_Mahenz_v0-Project_Web-Codeigniter_4\development\system\CLI\Commands.php(65): CodeIgniter\Commands\Database\Migrate->run(Array)
#8 D:\Develop\Point_of_Sale_Toko_Mahenz_v0-Project_Web-Codeigniter_4\development\system\CLI\Console.php(46): CodeIgniter\CLI\Commands->run('migrate', Array)
#9 D:\Develop\Point_of_Sale_Toko_Mahenz_v0-Project_Web-Codeigniter_4\development\spark(102): CodeIgniter\CLI\Console->run()
#10 {main}
